2023-12-15 00:54:37.587 [info] Log level: Info
2023-12-15 00:54:37.587 [info] Validating found git in: "git"
2023-12-15 00:54:37.587 [info] Using git "2.34.1" from "git"
2023-12-15 00:54:37.587 [info] > git rev-parse --show-toplevel [3ms]
2023-12-15 00:54:37.587 [info] fatal: not a git repository (or any of the parent directories): .git
2023-12-15 00:54:37.587 [info] > git rev-parse --show-toplevel [13ms]
2023-12-15 00:54:37.587 [info] fatal: not a git repository (or any of the parent directories): .git
2023-12-15 00:54:37.587 [info] > git rev-parse --show-toplevel [1ms]
2023-12-15 00:54:37.587 [info] fatal: not a git repository (or any parent up to mount point /)
Stopping at filesystem boundary (GIT_DISCOVERY_ACROSS_FILESYSTEM not set).
2023-12-15 00:54:37.593 [info] > git rev-parse --show-toplevel [1ms]
2023-12-15 00:54:37.593 [info] fatal: not a git repository (or any of the parent directories): .git
2023-12-15 00:54:37.597 [info] > git rev-parse --show-toplevel [0ms]
2023-12-15 00:54:37.598 [info] fatal: not a git repository (or any of the parent directories): .git
2023-12-15 00:54:37.603 [info] > git rev-parse --show-toplevel [0ms]
2023-12-15 00:54:37.603 [info] fatal: not a git repository (or any of the parent directories): .git
2023-12-15 00:54:37.607 [info] > git rev-parse --show-toplevel [1ms]
2023-12-15 00:54:37.607 [info] fatal: not a git repository (or any of the parent directories): .git
2023-12-15 00:54:37.612 [info] > git rev-parse --show-toplevel [0ms]
2023-12-15 00:54:37.612 [info] fatal: not a git repository (or any of the parent directories): .git
2023-12-15 00:54:37.618 [info] > git rev-parse --show-toplevel [1ms]
2023-12-15 00:54:37.618 [info] fatal: not a git repository (or any of the parent directories): .git
2023-12-15 00:54:37.623 [info] > git rev-parse --show-toplevel [1ms]
2023-12-15 00:54:37.623 [info] fatal: not a git repository (or any parent up to mount point /)
Stopping at filesystem boundary (GIT_DISCOVERY_ACROSS_FILESYSTEM not set).
2023-12-15 00:54:37.627 [info] > git rev-parse --show-toplevel [0ms]
2023-12-15 00:54:37.628 [info] fatal: not a git repository (or any of the parent directories): .git
2023-12-15 00:54:37.632 [info] > git rev-parse --show-toplevel [1ms]
2023-12-15 00:54:37.632 [info] fatal: not a git repository (or any parent up to mount point /)
Stopping at filesystem boundary (GIT_DISCOVERY_ACROSS_FILESYSTEM not set).
2023-12-15 00:54:37.636 [info] > git rev-parse --show-toplevel [0ms]
2023-12-15 00:54:37.637 [info] fatal: not a git repository (or any of the parent directories): .git
2023-12-15 00:54:37.641 [info] > git rev-parse --show-toplevel [1ms]
2023-12-15 00:54:37.641 [info] fatal: not a git repository (or any of the parent directories): .git
2023-12-15 00:54:37.646 [info] > git rev-parse --show-toplevel [1ms]
2023-12-15 00:54:37.646 [info] fatal: not a git repository (or any parent up to mount point /)
Stopping at filesystem boundary (GIT_DISCOVERY_ACROSS_FILESYSTEM not set).
2023-12-15 00:54:37.651 [info] > git rev-parse --show-toplevel [0ms]
2023-12-15 00:54:37.651 [info] fatal: not a git repository (or any of the parent directories): .git
2023-12-15 00:54:37.654 [info] > git rev-parse --show-toplevel [0ms]
2023-12-15 00:54:37.654 [info] fatal: not a git repository (or any of the parent directories): .git
2023-12-15 00:54:37.659 [info] > git rev-parse --show-toplevel [0ms]
2023-12-15 00:54:37.659 [info] fatal: not a git repository (or any of the parent directories): .git
2023-12-15 00:56:05.437 [info] > git rev-parse --show-toplevel [13ms]
2023-12-15 00:56:05.437 [info] fatal: not a git repository (or any of the parent directories): .git
2023-12-15 00:59:16.763 [info] > git rev-parse --show-toplevel [4ms]
2023-12-15 00:59:16.763 [info] fatal: not a git repository (or any of the parent directories): .git
2023-12-15 01:03:07.782 [info] > git rev-parse --show-toplevel [26ms]
2023-12-15 01:03:07.782 [info] fatal: not a git repository (or any of the parent directories): .git
2023-12-15 01:03:07.849 [info] > git rev-parse --show-toplevel [15ms]
2023-12-15 01:03:07.850 [info] fatal: not a git repository (or any of the parent directories): .git
2023-12-15 01:03:09.907 [info] > git rev-parse --show-toplevel [5ms]
2023-12-15 01:03:09.907 [info] fatal: not a git repository (or any of the parent directories): .git
2023-12-15 01:03:09.948 [info] > git rev-parse --show-toplevel [9ms]
2023-12-15 01:03:09.948 [info] fatal: not a git repository (or any of the parent directories): .git
2023-12-15 01:03:10.001 [info] > git rev-parse --show-toplevel [3ms]
2023-12-15 01:03:10.001 [info] fatal: not a git repository (or any of the parent directories): .git
2023-12-15 01:03:13.039 [info] > git rev-parse --show-toplevel [15ms]
2023-12-15 01:03:13.039 [info] fatal: not a git repository (or any of the parent directories): .git
2023-12-15 01:03:13.135 [info] > git rev-parse --show-toplevel [60ms]
2023-12-15 01:03:13.135 [info] fatal: not a git repository (or any of the parent directories): .git
2023-12-15 01:03:14.978 [info] > git rev-parse --show-toplevel [3ms]
2023-12-15 01:03:14.978 [info] fatal: not a git repository (or any of the parent directories): .git
2023-12-15 01:05:36.108 [info] > git rev-parse --show-toplevel [19ms]
2023-12-15 01:05:36.109 [info] fatal: not a git repository (or any of the parent directories): .git
2023-12-15 01:07:09.324 [info] > git rev-parse --show-toplevel [23ms]
2023-12-15 01:07:09.324 [info] fatal: not a git repository (or any of the parent directories): .git
2023-12-15 01:07:50.641 [info] > git rev-parse --show-toplevel [60ms]
2023-12-15 01:07:50.641 [info] fatal: not a git repository (or any of the parent directories): .git
2023-12-15 01:08:01.907 [info] > git rev-parse --show-toplevel [91ms]
2023-12-15 01:08:01.907 [info] fatal: not a git repository (or any of the parent directories): .git
