2023-12-18 17:25:52.629 [info] Log level: Info
2023-12-18 17:25:52.629 [info] Validating found git in: "git"
2023-12-18 17:25:52.629 [info] Using git "2.34.1" from "git"
2023-12-18 17:25:52.629 [info] > git rev-parse --show-toplevel [137ms]
2023-12-18 17:25:52.637 [info] > git rev-parse --git-dir --git-common-dir [23ms]
2023-12-18 17:25:52.733 [info] Open repository: /root
2023-12-18 17:25:53.054 [info] > git rev-parse --show-toplevel [63ms]
2023-12-18 17:25:53.061 [info] > git config --get commit.template [100ms]
2023-12-18 17:25:53.310 [info] > git for-each-ref --format=%(refname)%00%(upstream:short)%00%(objectname)%00%(upstream:track)%00%(upstream:remotename)%00%(upstream:remoteref) refs/heads/master refs/remotes/master [19ms]
2023-12-18 17:25:53.335 [info] > git rev-parse --show-toplevel [217ms]
2023-12-18 17:25:53.525 [info] > git rev-parse --show-toplevel [21ms]
2023-12-18 17:25:53.611 [info] > git rev-parse --show-toplevel [49ms]
2023-12-18 17:25:53.730 [info] > git status -z -uall [398ms]
2023-12-18 17:25:53.732 [info] > git check-ignore -v -z --stdin [128ms]
2023-12-18 17:25:53.969 [info] > git rev-parse --show-toplevel [262ms]
2023-12-18 17:25:54.418 [info] > git config --get commit.template [485ms]
2023-12-18 17:25:54.442 [info] > git rev-parse --show-toplevel [148ms]
2023-12-18 17:25:54.618 [info] > git for-each-ref --format=%(refname)%00%(upstream:short)%00%(objectname)%00%(upstream:track)%00%(upstream:remotename)%00%(upstream:remoteref) refs/heads/master refs/remotes/master [61ms]
2023-12-18 17:25:54.960 [info] > git status -z -uall [314ms]
2023-12-18 17:25:56.624 [info] > git config --get commit.template [10ms]
2023-12-18 17:25:56.937 [info] > git for-each-ref --format=%(refname)%00%(upstream:short)%00%(objectname)%00%(upstream:track)%00%(upstream:remotename)%00%(upstream:remoteref) refs/heads/master refs/remotes/master [32ms]
2023-12-18 17:25:57.986 [info] > git status -z -uall [947ms]
2023-12-18 17:26:03.041 [info] > git config --get commit.template [4ms]
2023-12-18 17:26:03.073 [info] > git for-each-ref --format=%(refname)%00%(upstream:short)%00%(objectname)%00%(upstream:track)%00%(upstream:remotename)%00%(upstream:remoteref) refs/heads/master refs/remotes/master [7ms]
2023-12-18 17:26:03.260 [info] > git status -z -uall [166ms]
2023-12-18 17:26:08.410 [info] > git config --get commit.template [29ms]
2023-12-18 17:26:08.456 [info] > git for-each-ref --format=%(refname)%00%(upstream:short)%00%(objectname)%00%(upstream:track)%00%(upstream:remotename)%00%(upstream:remoteref) refs/heads/master refs/remotes/master [8ms]
2023-12-18 17:26:08.693 [info] > git status -z -uall [202ms]
2023-12-18 17:26:13.850 [info] > git config --get commit.template [67ms]
2023-12-18 17:26:13.865 [info] > git for-each-ref --format=%(refname)%00%(upstream:short)%00%(objectname)%00%(upstream:track)%00%(upstream:remotename)%00%(upstream:remoteref) refs/heads/master refs/remotes/master [35ms]
2023-12-18 17:26:14.238 [info] > git status -z -uall [326ms]
2023-12-18 17:26:19.311 [info] > git config --get commit.template [21ms]
2023-12-18 17:26:19.318 [info] > git for-each-ref --format=%(refname)%00%(upstream:short)%00%(objectname)%00%(upstream:track)%00%(upstream:remotename)%00%(upstream:remoteref) refs/heads/master refs/remotes/master [12ms]
2023-12-18 17:26:19.464 [info] > git status -z -uall [129ms]
2023-12-18 17:26:24.533 [info] > git config --get commit.template [26ms]
2023-12-18 17:26:24.534 [info] > git for-each-ref --format=%(refname)%00%(upstream:short)%00%(objectname)%00%(upstream:track)%00%(upstream:remotename)%00%(upstream:remoteref) refs/heads/master refs/remotes/master [6ms]
2023-12-18 17:26:24.652 [info] > git status -z -uall [103ms]
2023-12-18 17:30:09.342 [info] > git config --get commit.template [74ms]
2023-12-18 17:30:09.351 [info] > git for-each-ref --format=%(refname)%00%(upstream:short)%00%(objectname)%00%(upstream:track)%00%(upstream:remotename)%00%(upstream:remoteref) refs/heads/master refs/remotes/master [69ms]
2023-12-18 17:30:09.645 [info] > git status -z -uall [272ms]
