0 verbose cli /usr/local/bin/node /usr/local/bin/npm
1 info using npm@10.2.4
2 info using node@v21.4.0
3 timing npm:load:whichnode Completed in 7ms
4 timing config:load:defaults Completed in 13ms
5 timing config:load:file:/usr/local/lib/node_modules/npm/npmrc Completed in 24ms
6 timing config:load:builtin Completed in 26ms
7 timing config:load:cli Completed in 20ms
8 timing config:load:env Completed in 2ms
9 timing config:load:project Completed in 9ms
10 timing config:load:file:/root/.npmrc Completed in 0ms
11 timing config:load:user Completed in 1ms
12 timing config:load:file:/usr/local/etc/npmrc Completed in 1ms
13 timing config:load:global Completed in 1ms
14 timing config:load:setEnvs Completed in 5ms
15 timing config:load Completed in 81ms
16 timing npm:load:configload Completed in 82ms
17 timing config:load:flatten Completed in 18ms
18 timing npm:load:mkdirpcache Completed in 3ms
19 timing npm:load:mkdirplogs Completed in 2ms
20 verbose title npm install python
21 verbose argv "install" "--global" "python"
22 timing npm:load:setTitle Completed in 7ms
23 timing npm:load:display Completed in 4ms
24 verbose logfile logs-max:10 dir:/root/.npm/_logs/2023-12-18T20_59_17_488Z-
25 verbose logfile /root/.npm/_logs/2023-12-18T20_59_17_488Z-debug-0.log
26 timing npm:load:logFile Completed in 52ms
27 timing npm:load:timers Completed in 0ms
28 timing npm:load:configScope Completed in 0ms
29 timing npm:load Completed in 262ms
30 timing config:load:flatten Completed in 2ms
31 timing arborist:ctor Completed in 5ms
32 silly logfile done cleaning log files
33 timing idealTree:init Completed in 26ms
34 timing idealTree:userRequests Completed in 15ms
35 silly idealTree buildDeps
36 silly fetch manifest python@*
37 http fetch GET 200 https://registry.npmjs.org/python 1110ms (cache miss)
38 silly placeDep ROOT python@0.0.4 OK for:  want: *
39 timing idealTree:#root Completed in 1149ms
40 timing idealTree:node_modules/python Completed in 1ms
41 timing idealTree:buildDeps Completed in 1153ms
42 timing idealTree:fixDepFlags Completed in 4ms
43 timing idealTree Completed in 1205ms
44 timing reify:loadTrees Completed in 1217ms
45 timing reify:diffTrees Completed in 6ms
46 silly reify moves {}
47 timing reify:retireShallow Completed in 7ms
48 timing reify:createSparse Completed in 4ms
49 timing reify:loadBundles Completed in 0ms
50 silly tarball no local data for python@https://registry.npmjs.org/python/-/python-0.0.4.tgz. Extracting by manifest.
51 http fetch GET 200 https://registry.npmjs.org/python/-/python-0.0.4.tgz 635ms (cache miss)
52 timing reifyNode:node_modules/python Completed in 671ms
53 timing reify:unpack Completed in 673ms
54 timing reify:unretire Completed in 1ms
55 timing build:queue Completed in 6ms
56 timing build:deps Completed in 7ms
57 timing build Completed in 8ms
58 timing reify:build Completed in 9ms
59 timing reify:trash Completed in 0ms
60 timing reify Completed in 1960ms
61 silly ADD node_modules/python
62 timing command:install Completed in 1989ms
63 verbose exit 0
64 timing npm Completed in 2998ms
65 info ok
