0 verbose cli /usr/local/bin/node /usr/local/bin/npm
1 info using npm@10.2.4
2 info using node@v21.4.0
3 timing npm:load:whichnode Completed in 10ms
4 timing config:load:defaults Completed in 12ms
5 timing config:load:file:/usr/local/lib/node_modules/npm/npmrc Completed in 17ms
6 timing config:load:builtin Completed in 17ms
7 timing config:load:cli Completed in 16ms
8 timing config:load:env Completed in 2ms
9 timing config:load:project Completed in 8ms
10 timing config:load:file:/root/.npmrc Completed in 0ms
11 timing config:load:user Completed in 1ms
12 timing config:load:file:/usr/local/etc/npmrc Completed in 0ms
13 timing config:load:global Completed in 1ms
14 timing config:load:setEnvs Completed in 5ms
15 timing config:load Completed in 67ms
16 timing npm:load:configload Completed in 68ms
17 timing config:load:flatten Completed in 13ms
18 timing npm:load:mkdirpcache Completed in 2ms
19 timing npm:load:mkdirplogs Completed in 1ms
20 verbose title npm install p
21 verbose argv "install" "--global" "p"
22 timing npm:load:setTitle Completed in 5ms
23 timing npm:load:display Completed in 3ms
24 verbose logfile logs-max:10 dir:/root/.npm/_logs/2023-12-18T20_58_05_138Z-
25 verbose logfile /root/.npm/_logs/2023-12-18T20_58_05_138Z-debug-0.log
26 timing npm:load:logFile Completed in 54ms
27 timing npm:load:timers Completed in 1ms
28 timing npm:load:configScope Completed in 0ms
29 timing npm:load Completed in 249ms
30 timing config:load:flatten Completed in 1ms
31 timing arborist:ctor Completed in 3ms
32 silly logfile done cleaning log files
33 timing idealTree:init Completed in 25ms
34 timing idealTree:userRequests Completed in 15ms
35 silly idealTree buildDeps
36 silly fetch manifest p@*
37 http fetch GET 200 https://registry.npmjs.org/p 1341ms (cache miss)
38 silly placeDep ROOT p@0.2.0 OK for:  want: *
39 timing idealTree:#root Completed in 1387ms
40 timing idealTree:node_modules/p Completed in 0ms
41 timing idealTree:buildDeps Completed in 1393ms
42 timing idealTree:fixDepFlags Completed in 3ms
43 timing idealTree Completed in 1443ms
44 timing reify:loadTrees Completed in 1456ms
45 timing reify:diffTrees Completed in 5ms
46 silly reify moves {}
47 timing reify:retireShallow Completed in 7ms
48 timing reify:createSparse Completed in 3ms
49 timing reify:loadBundles Completed in 0ms
50 silly tarball no local data for p@https://registry.npmjs.org/p/-/p-0.2.0.tgz. Extracting by manifest.
51 http fetch GET 200 https://registry.npmjs.org/p/-/p-0.2.0.tgz 721ms (cache miss)
52 timing reifyNode:node_modules/p Completed in 755ms
53 timing reify:unpack Completed in 756ms
54 timing reify:unretire Completed in 1ms
55 timing build:queue Completed in 6ms
56 timing build:deps Completed in 9ms
57 timing build Completed in 9ms
58 timing reify:build Completed in 12ms
59 timing reify:trash Completed in 0ms
60 timing reify Completed in 2280ms
61 silly ADD node_modules/p
62 timing command:install Completed in 2307ms
63 verbose exit 0
64 timing npm Completed in 3411ms
65 info ok
