0 verbose cli /usr/local/bin/node /usr/local/bin/npm
1 info using npm@10.2.4
2 info using node@v21.4.0
3 timing npm:load:whichnode Completed in 5ms
4 timing config:load:defaults Completed in 9ms
5 timing config:load:file:/usr/local/lib/node_modules/npm/npmrc Completed in 7ms
6 timing config:load:builtin Completed in 7ms
7 timing config:load:cli Completed in 18ms
8 timing config:load:env Completed in 2ms
9 timing config:load:file:/usr/local/n/versions/node/21.4.0/.npmrc Completed in 1ms
10 timing config:load:project Completed in 35ms
11 timing config:load:file:/root/.npmrc Completed in 2ms
12 timing config:load:user Completed in 2ms
13 timing config:load:file:/usr/local/etc/npmrc Completed in 2ms
14 timing config:load:global Completed in 4ms
15 timing config:load:setEnvs Completed in 4ms
16 timing config:load Completed in 85ms
17 timing npm:load:configload Completed in 86ms
18 timing config:load:flatten Completed in 11ms
19 timing npm:load:mkdirpcache Completed in 2ms
20 timing npm:load:mkdirplogs Completed in 2ms
21 verbose title npm
22 verbose argv "--version"
23 timing npm:load:setTitle Completed in 3ms
24 timing npm:load:display Completed in 3ms
25 verbose logfile logs-max:10 dir:/root/.npm/_logs/2023-12-18T20_44_14_554Z-
26 verbose logfile /root/.npm/_logs/2023-12-18T20_44_14_554Z-debug-0.log
27 timing npm:load:logFile Completed in 49ms
28 timing npm:load:timers Completed in 0ms
29 timing npm:load:configScope Completed in 1ms
30 timing npm:load Completed in 248ms
31 verbose exit 0
32 timing npm Completed in 277ms
33 info ok
