2023-12-15 01:08:42.260 [info] Log level: Info
2023-12-15 01:08:42.326 [info] Validating found git in: "git"
2023-12-15 01:08:42.326 [info] Using git "2.34.1" from "git"
2023-12-15 01:08:42.326 [info] > git rev-parse --show-toplevel [36ms]
2023-12-15 01:08:42.326 [info] fatal: not a git repository (or any of the parent directories): .git
2023-12-15 01:08:42.326 [info] > git rev-parse --show-toplevel [458ms]
2023-12-15 01:08:42.326 [info] fatal: not a git repository (or any of the parent directories): .git
2023-12-15 01:08:42.525 [info] > git rev-parse --show-toplevel [59ms]
2023-12-15 01:08:42.525 [info] fatal: not a git repository (or any of the parent directories): .git
2023-12-15 01:08:42.580 [info] > git rev-parse --show-toplevel [19ms]
2023-12-15 01:08:42.583 [info] fatal: not a git repository (or any parent up to mount point /)
Stopping at filesystem boundary (GIT_DISCOVERY_ACROSS_FILESYSTEM not set).
2023-12-15 01:08:42.621 [info] > git rev-parse --show-toplevel [10ms]
2023-12-15 01:08:42.622 [info] fatal: not a git repository (or any of the parent directories): .git
2023-12-15 01:08:42.651 [info] > git rev-parse --show-toplevel [5ms]
2023-12-15 01:08:42.652 [info] fatal: not a git repository (or any of the parent directories): .git
2023-12-15 01:08:42.693 [info] > git rev-parse --show-toplevel [14ms]
2023-12-15 01:08:42.695 [info] fatal: not a git repository (or any of the parent directories): .git
2023-12-15 01:08:42.781 [info] > git rev-parse --show-toplevel [49ms]
2023-12-15 01:08:42.781 [info] fatal: not a git repository (or any of the parent directories): .git
2023-12-15 01:08:42.870 [info] > git rev-parse --show-toplevel [32ms]
2023-12-15 01:08:42.870 [info] fatal: not a git repository (or any of the parent directories): .git
2023-12-15 01:08:42.930 [info] > git rev-parse --show-toplevel [9ms]
2023-12-15 01:08:42.931 [info] fatal: not a git repository (or any of the parent directories): .git
2023-12-15 01:08:43.014 [info] > git rev-parse --show-toplevel [46ms]
2023-12-15 01:08:43.015 [info] fatal: not a git repository (or any parent up to mount point /)
Stopping at filesystem boundary (GIT_DISCOVERY_ACROSS_FILESYSTEM not set).
2023-12-15 01:08:43.052 [info] > git rev-parse --show-toplevel [10ms]
2023-12-15 01:08:43.053 [info] fatal: not a git repository (or any of the parent directories): .git
2023-12-15 01:08:43.078 [info] > git rev-parse --show-toplevel [5ms]
2023-12-15 01:08:43.078 [info] fatal: not a git repository (or any parent up to mount point /)
Stopping at filesystem boundary (GIT_DISCOVERY_ACROSS_FILESYSTEM not set).
2023-12-15 01:08:43.104 [info] > git rev-parse --show-toplevel [6ms]
2023-12-15 01:08:43.104 [info] fatal: not a git repository (or any of the parent directories): .git
2023-12-15 01:08:43.136 [info] > git rev-parse --show-toplevel [6ms]
2023-12-15 01:08:43.136 [info] fatal: not a git repository (or any of the parent directories): .git
2023-12-15 01:08:43.293 [info] > git rev-parse --show-toplevel [135ms]
2023-12-15 01:08:43.293 [info] fatal: not a git repository (or any parent up to mount point /)
Stopping at filesystem boundary (GIT_DISCOVERY_ACROSS_FILESYSTEM not set).
2023-12-15 01:08:43.349 [info] > git rev-parse --show-toplevel [31ms]
2023-12-15 01:08:43.349 [info] fatal: not a git repository (or any of the parent directories): .git
2023-12-15 01:08:43.387 [info] > git rev-parse --show-toplevel [17ms]
2023-12-15 01:08:43.387 [info] fatal: not a git repository (or any of the parent directories): .git
2023-12-15 01:08:43.439 [info] > git rev-parse --show-toplevel [19ms]
2023-12-15 01:08:43.439 [info] fatal: not a git repository (or any of the parent directories): .git
2023-12-15 01:09:52.822 [info] > git rev-parse --show-toplevel [14ms]
2023-12-15 01:09:52.823 [info] fatal: not a git repository (or any of the parent directories): .git
2023-12-15 01:10:02.028 [info] > git rev-parse --show-toplevel [44ms]
2023-12-15 01:10:02.028 [info] fatal: not a git repository (or any of the parent directories): .git
2023-12-15 01:10:26.920 [info] > git rev-parse --show-toplevel [8ms]
2023-12-15 01:10:26.921 [info] fatal: not a git repository (or any of the parent directories): .git
2023-12-15 01:11:09.608 [info] > git rev-parse --show-toplevel [11ms]
2023-12-15 01:11:09.610 [info] fatal: not a git repository (or any of the parent directories): .git
2023-12-15 01:11:25.013 [info] > git rev-parse --show-toplevel [6ms]
2023-12-15 01:11:25.013 [info] fatal: not a git repository (or any of the parent directories): .git
2023-12-15 01:11:42.152 [info] > git rev-parse --show-toplevel [1245ms]
2023-12-15 01:11:42.152 [info] fatal: not a git repository (or any of the parent directories): .git
2023-12-15 01:19:13.142 [info] > git rev-parse --show-toplevel [1087ms]
2023-12-15 01:19:13.143 [info] fatal: not a git repository (or any of the parent directories): .git
